<?xml version="1.0" encoding="UTF-8"?>
<!-- Generated by org.testng.reporters.JUnitReportReporter -->
<testsuite hostname="zl-mu-mt-mac028.local" name="regression.livingfoodz" tests="90" failures="0" timestamp="14 Nov 2018 12:37:09 GMT" time="244.765" errors="0">
  <testcase name="recipeOurChef" time="0.067" classname="regression.livingfoodz"/>
  <testcase name="showdetail_All_Shows" time="0.060" classname="regression.livingfoodz"/>
  <testcase name="storyEntertainment" time="0.389" classname="regression.livingfoodz"/>
  <testcase name="storyHealth" time="0.731" classname="regression.livingfoodz"/>
  <testcase name="StorySublinkPopCulture" time="10.129" classname="regression.livingfoodz"/>
  <testcase name="recipeSublinksRecipeOfTheDay" time="7.944" classname="regression.livingfoodz"/>
  <testcase name="reviewCarousel" time="4.026" classname="regression.livingfoodz"/>
  <testcase name="StorySublinkHealth" time="4.523" classname="regression.livingfoodz"/>
  <testcase name="howTo" time="1.715" classname="regression.livingfoodz"/>
  <testcase name="reviewPune" time="0.363" classname="regression.livingfoodz"/>
  <testcase name="showdetailAboutHost" time="0.054" classname="regression.livingfoodz"/>
  <testcase name="StorySublinkEntertainment" time="2.082" classname="regression.livingfoodz"/>
  <testcase name="showdetailTitle" time="0.074" classname="regression.livingfoodz"/>
  <testcase name="BackfromStoryDetail" time="5.817" classname="regression.livingfoodz"/>
  <testcase name="StorySublinkFood" time="2.403" classname="regression.livingfoodz"/>
  <testcase name="showOurHosts" time="0.047" classname="regression.livingfoodz"/>
  <testcase name="recipeLanding1" time="4.615" classname="regression.livingfoodz"/>
  <testcase name="reviewLanding" time="2.784" classname="regression.livingfoodz"/>
  <testcase name="recirecipeSublinksOurChef" time="2.106" classname="regression.livingfoodz"/>
  <testcase name="reviewSubLinkBangalore" time="2.031" classname="regression.livingfoodz"/>
  <testcase name="HowToSubLinkTipsTricks" time="3.089" classname="regression.livingfoodz"/>
  <testcase name="reviewSubLinkPune" time="2.840" classname="regression.livingfoodz"/>
  <testcase name="showDetails" time="7.001" classname="regression.livingfoodz"/>
  <testcase name="storyDetail" time="2.600" classname="regression.livingfoodz"/>
  <testcase name="howToKitchenHacks" time="0.519" classname="regression.livingfoodz"/>
  <testcase name="StorySublinkDishUp" time="4.501" classname="regression.livingfoodz"/>
  <testcase name="ChefProfileFBComments" time="0.010" classname="regression.livingfoodz"/>
  <testcase name="storyDetailTitle" time="1.068" classname="regression.livingfoodz"/>
  <testcase name="showdetailOurHosts" time="2.046" classname="regression.livingfoodz"/>
  <testcase name="showdetailArticleAboutShow" time="0.058" classname="regression.livingfoodz"/>
  <testcase name="storyLanding" time="5.729" classname="regression.livingfoodz"/>
  <testcase name="storyDetailsComments" time="0.011" classname="regression.livingfoodz"/>
  <testcase name="PeopleSubLinkChefandHost" time="6.985" classname="regression.livingfoodz"/>
  <testcase name="showLanding1" time="8.224" classname="regression.livingfoodz"/>
  <testcase name="search" time="8.711" classname="regression.livingfoodz"/>
  <testcase name="homeFreshPics" time="3.189" classname="regression.livingfoodz"/>
  <testcase name="recipeCarousel" time="6.216" classname="regression.livingfoodz"/>
  <testcase name="reviewSubLinkMumbai" time="3.553" classname="regression.livingfoodz"/>
  <testcase name="ChefProfile" time="4.648" classname="regression.livingfoodz"/>
  <testcase name="recirecipeSublinksCusineType" time="2.497" classname="regression.livingfoodz"/>
  <testcase name="reviewBangalore" time="0.308" classname="regression.livingfoodz"/>
  <testcase name="reviewDelhi" time="0.295" classname="regression.livingfoodz"/>
  <testcase name="reviewOther" time="0.312" classname="regression.livingfoodz"/>
  <testcase name="termsOfUse" time="3.832" classname="regression.livingfoodz"/>
  <testcase name="stayConnectedFacebook" time="11.500" classname="regression.livingfoodz"/>
  <testcase name="reTargetting" time="0.048" classname="regression.livingfoodz"/>
  <testcase name="chefProfileOurChefs" time="0.045" classname="regression.livingfoodz"/>
  <testcase name="storyPlaces" time="0.609" classname="regression.livingfoodz"/>
  <testcase name="StorySublinkPlace" time="2.181" classname="regression.livingfoodz"/>
  <testcase name="homeRecipeOftheDay" time="0.388" classname="regression.livingfoodz"/>
  <testcase name="homeTrendingOnLf" time="2.048" classname="regression.livingfoodz"/>
  <testcase name="storyDetailRelatedStories" time="1.037" classname="regression.livingfoodz"/>
  <testcase name="showOnLf" time="0.040" classname="regression.livingfoodz"/>
  <testcase name="crazyEgg" time="0.086" classname="regression.livingfoodz"/>
  <testcase name="showdetailComments" time="0.010" classname="regression.livingfoodz"/>
  <testcase name="recipeCusineType" time="0.198" classname="regression.livingfoodz"/>
  <testcase name="peopleLanding" time="3.237" classname="regression.livingfoodz"/>
  <testcase name="howToTipsandTricks" time="0.086" classname="regression.livingfoodz"/>
  <testcase name="faceBookCode" time="0.043" classname="regression.livingfoodz"/>
  <testcase name="accessWebsite" time="7.436" classname="regression.livingfoodz"/>
  <testcase name="peopleChefHost" time="0.132" classname="regression.livingfoodz"/>
  <testcase name="howToCarousel" time="3.311" classname="regression.livingfoodz"/>
  <testcase name="stayConnectedTwitter" time="2.274" classname="regression.livingfoodz"/>
  <testcase name="showCarousel" time="3.306" classname="regression.livingfoodz"/>
  <testcase name="homeCarousel" time="4.690" classname="regression.livingfoodz"/>
  <testcase name="storyCarousel" time="7.361" classname="regression.livingfoodz"/>
  <testcase name="HowToSubLinkKitchenHacks" time="3.103" classname="regression.livingfoodz"/>
  <testcase name="stayConnectedInsta" time="9.261" classname="regression.livingfoodz"/>
  <testcase name="showTrendingOnLF" time="0.059" classname="regression.livingfoodz"/>
  <testcase name="storyFoodplusplus" time="0.399" classname="regression.livingfoodz"/>
  <testcase name="reviewSubLinkDelhi" time="2.591" classname="regression.livingfoodz"/>
  <testcase name="recipeDetail" time="7.299" classname="regression.livingfoodz"/>
  <testcase name="reviewMumbai" time="0.481" classname="regression.livingfoodz"/>
  <testcase name="peopleScoops" time="1.048" classname="regression.livingfoodz"/>
  <testcase name="showdetailDescription" time="0.083" classname="regression.livingfoodz"/>
  <testcase name="facebookLogin" time="16.948" classname="regression.livingfoodz"/>
  <testcase name="peopleCarousel" time="2.795" classname="regression.livingfoodz"/>
  <testcase name="recipeDetailComments" time="0.036" classname="regression.livingfoodz"/>
  <testcase name="storyPopCulture" time="0.088" classname="regression.livingfoodz"/>
  <testcase name="homeOurChefs" time="0.052" classname="regression.livingfoodz"/>
  <testcase name="ChefProfileRecipeByChef" time="0.036" classname="regression.livingfoodz"/>
  <testcase name="showSubLinkShowOnLF" time="4.115" classname="regression.livingfoodz"/>
  <testcase name="recipeRecipeOftheDay" time="0.135" classname="regression.livingfoodz"/>
  <testcase name="clickprofilelink" time="2.865" classname="regression.livingfoodz"/>
  <testcase name="storyDishup" time="0.048" classname="regression.livingfoodz"/>
  <testcase name="PeopleSubLinkScoop" time="1.988" classname="regression.livingfoodz"/>
  <testcase name="showSubLinkChefHost" time="2.032" classname="regression.livingfoodz"/>
  <testcase name="reviewSubLinkOther" time="5.943" classname="regression.livingfoodz"/>
  <testcase name="homeAllShows" time="0.062" classname="regression.livingfoodz"/>
  <testcase name="aboutLF" time="3.030" classname="regression.livingfoodz"/>
</testsuite> <!-- regression.livingfoodz -->
